<?xml version="1.0" encoding="UTF-8"?>

<mule xmlns:xsi="http://www.w3.org/2001/XMLSchema-instance"
	xmlns:munit="http://www.mulesoft.org/schema/mule/munit" xmlns:munit-tools="http://www.mulesoft.org/schema/mule/munit-tools"
	xmlns="http://www.mulesoft.org/schema/mule/core" xmlns:doc="http://www.mulesoft.org/schema/mule/documentation"
	xsi:schemaLocation="
		http://www.mulesoft.org/schema/mule/core http://www.mulesoft.org/schema/mule/core/current/mule.xsd
		http://www.mulesoft.org/schema/mule/munit http://www.mulesoft.org/schema/mule/munit/current/mule-munit.xsd
		http://www.mulesoft.org/schema/mule/munit-tools  http://www.mulesoft.org/schema/mule/munit-tools/current/mule-munit-tools.xsd">
	<munit:config name="test-suite.xml" />
	<munit:test name="get:\contact:test-config-test" doc:id="a8531686-5c89-4a31-85ef-d7b8cc5ba38f" >
		<munit:behavior >
			<munit:set-event doc:name="Set Input" doc:id="84205159-c4e9-4322-93b1-e483b67bc18d" >
				<munit:payload value="#[readUrl('classpath://getcontacttestconfigtest\set-event_payload.dwl')]" encoding="UTF-8" />
				<munit:attributes value="#[readUrl('classpath://getcontacttestconfigtest\set-event_attributes.dwl')]" />
				<munit:variables >
					<munit:variable key="outboundHeaders" value="#[readUrl('classpath://getcontacttestconfigtest\set-event_variable_.dwl')]" />
				</munit:variables>
			</munit:set-event>
		</munit:behavior>
		<munit:execution >
			<flow-ref doc:name="Flow-ref to get:\contact:test-config" doc:id="4be8959b-429b-481e-bd27-d9789aa7acad" name="get:\contact:test-config"/>
		</munit:execution>
		<munit:validation >
			<munit-tools:assert doc:name="Assert payload" doc:id="e31e8af0-1ead-46ec-b04d-105b1bc5c148" message="The payload does not match">
				<munit-tools:that ><![CDATA[#[%dw 2.0
import getcontacttestconfigtest::assert_expression_payload
---
assert_expression_payload::main({payload: payload, attributes: attributes, vars: vars})]]]></munit-tools:that>
			</munit-tools:assert>
		</munit:validation>
	</munit:test>


</mule>
